<?xml version="1.0" encoding="UTF-8"?>
<!-- Generated by org.testng.reporters.JUnitReportReporter -->
<testsuite hostname="LAPTOP-PUUNASBM" failures="0" tests="1" name="Week3Day2_Hooks.ServiceNowPostMethodXmlResponse" time="3.553" errors="0" timestamp="2024-11-14T21:06:05 IST" skipped="0">
  <testcase classname="Week3Day2_Hooks.ServiceNowPostMethodXmlResponse" name="shouldUserAbleToCreateNewIncidentRecord" time="3.553"/>
  <system-out/>
</testsuite> <!-- Week3Day2_Hooks.ServiceNowPostMethodXmlResponse -->
