<?xml version="1.0" encoding="UTF-8"?>
<!-- Generated by org.testng.reporters.JUnitReportReporter -->
<testsuite hostname="LAPTOP-PUUNASBM" failures="0" tests="1" name="Week6Day2_WireMocker.PostMockinginTestng" time="2.172" errors="0" timestamp="2024-12-03T23:08:26 IST" skipped="0">
  <testcase classname="Week6Day2_WireMocker.PostMockinginTestng" name="GetCallandTestMock" time="2.172"/>
  <system-out/>
</testsuite> <!-- Week6Day2_WireMocker.PostMockinginTestng -->
