<?xml version="1.0" encoding="UTF-8"?>
<!-- Generated by org.testng.reporters.JUnitReportReporter -->
<testsuite hostname="LAPTOP-PUUNASBM" failures="0" tests="2" name="Week3Day2_Hooks.ServiceNowPostMethodDataDriven" time="16.933" errors="0" timestamp="2024-11-14T21:36:55 IST" skipped="0">
  <testcase classname="Week3Day2_Hooks.ServiceNowPostMethodDataDriven" name="shouldUserAbleToCreateNewIncidentRecord" time="13.536"/>
  <system-out/>
  <testcase classname="Week3Day2_Hooks.ServiceNowPostMethodDataDriven" name="shouldUserAbleToCreateNewIncidentRecord" time="3.397"/>
  <system-out/>
</testsuite> <!-- Week3Day2_Hooks.ServiceNowPostMethodDataDriven -->
