<?xml version="1.0" encoding="UTF-8"?>
<!-- Generated by org.testng.reporters.JUnitReportReporter -->
<testsuite hostname="LAPTOP-PUUNASBM" failures="0" tests="5" name="Week3Day2_Hooks.ServiceNowIncidentTableE2ETest" time="13.300" errors="0" timestamp="2024-11-16T21:10:44 IST" skipped="0">
  <testcase classname="Week3Day2_Hooks.ServiceNowIncidentTableE2ETest" name="userShouldAbleToCreateANewIncidentRecord" time="3.842"/>
  <system-out/>
  <testcase classname="Week3Day2_Hooks.ServiceNowIncidentTableE2ETest" name="userShouldAbleToGetASingleIncidentRecord" time="2.476"/>
  <system-out/>
  <testcase classname="Week3Day2_Hooks.ServiceNowIncidentTableE2ETest" name="userShouldAbleToUpdateAIncidentRecord" time="2.373"/>
  <system-out/>
  <testcase classname="Week3Day2_Hooks.ServiceNowIncidentTableE2ETest" name="userShouldAbleToDeleteExicistingIncidentRecord" time="2.368"/>
  <system-out/>
  <testcase classname="Week3Day2_Hooks.ServiceNowIncidentTableE2ETest" name="userShouldAbleToSeeDeletedRecord" time="2.241"/>
  <system-out/>
</testsuite> <!-- Week3Day2_Hooks.ServiceNowIncidentTableE2ETest -->
