<?xml version="1.0" encoding="UTF-8"?>
<!-- Generated by org.testng.reporters.JUnitReportReporter -->
<testsuite hostname="LAPTOP-PUUNASBM" failures="0" tests="1" name="Week3Day2.ServiceNowIncidentTableTest" time="3.545" errors="0" timestamp="2024-11-14T17:02:47 IST" skipped="0">
  <testcase classname="Week3Day2.ServiceNowIncidentTableTest" name="shouldUserAbleToFetchASingleIncidentRecord" time="3.545"/>
  <system-out/>
</testsuite> <!-- Week3Day2.ServiceNowIncidentTableTest -->
