<?xml version="1.0" encoding="UTF-8"?>
<!-- Generated by org.testng.reporters.JUnitReportReporter -->
<testsuite hostname="LAPTOP-PUUNASBM" failures="0" tests="1" name="Week3_Assignments.CreateRequestWithRequestBodyAsFileTest" time="4.288" errors="0" timestamp="2024-11-15T23:51:26 IST" skipped="0">
  <testcase classname="Week3_Assignments.CreateRequestWithRequestBodyAsFileTest" name="CreateRequestWithRequestBodyAsFile" time="4.288"/>
  <system-out/>
</testsuite> <!-- Week3_Assignments.CreateRequestWithRequestBodyAsFileTest -->
