<?xml version="1.0" encoding="UTF-8"?>
<!-- Generated by org.testng.reporters.JUnitReportReporter -->
<testsuite hostname="LAPTOP-PUUNASBM" failures="0" tests="3" name="Week3_Assignments.ManagingIncidentsinServiceNow" time="8.592" errors="0" timestamp="2024-11-16T16:27:36 IST" skipped="0">
  <testcase classname="Week3_Assignments.ManagingIncidentsinServiceNow" name="getAllIncidents" time="3.251"/>
  <system-out/>
  <testcase classname="Week3_Assignments.ManagingIncidentsinServiceNow" name="updatingtheIncident" time="2.549"/>
  <system-out/>
  <testcase classname="Week3_Assignments.ManagingIncidentsinServiceNow" name="deletingtheIncident" time="2.792"/>
  <system-out/>
</testsuite> <!-- Week3_Assignments.ManagingIncidentsinServiceNow -->
