<?xml version="1.0" encoding="UTF-8"?>
<!-- Generated by org.testng.reporters.JUnitReportReporter -->
<testsuite hostname="LAPTOP-PUUNASBM" failures="0" tests="4" name="Week3_Assignments.CreateUpdateDelete_IncidentinJira" time="4.970" errors="0" timestamp="2024-11-17T16:58:46 IST" skipped="0">
  <testcase classname="Week3_Assignments.CreateUpdateDelete_IncidentinJira" name="CreateanIncidentinJira" time="2.993"/>
  <system-out/>
  <testcase classname="Week3_Assignments.CreateUpdateDelete_IncidentinJira" name="runGetCreatedIssue" time="0.661"/>
  <system-out/>
  <testcase classname="Week3_Assignments.CreateUpdateDelete_IncidentinJira" name="runUpdateIssue" time="0.624"/>
  <system-out/>
  <testcase classname="Week3_Assignments.CreateUpdateDelete_IncidentinJira" name="runDelete" time="0.692"/>
  <system-out/>
</testsuite> <!-- Week3_Assignments.CreateUpdateDelete_IncidentinJira -->
