<?xml version="1.0" encoding="UTF-8"?>
<!-- Generated by org.testng.reporters.JUnitReportReporter -->
<testsuite hostname="LAPTOP-PUUNASBM" failures="0" tests="1" name="runner.CreateIncidentTestNGRunnner" time="3.509" errors="0" timestamp="2024-11-18T23:05:16 IST" skipped="0">
  <testcase classname="runner.CreateIncidentTestNGRunnner" name="runScenario" time="3.509"/>
  <system-out/>
</testsuite> <!-- runner.CreateIncidentTestNGRunnner -->
