<?xml version="1.0" encoding="UTF-8"?>
<!-- Generated by org.testng.reporters.JUnitReportReporter -->
<testsuite hostname="LAPTOP-PUUNASBM" failures="0" tests="1" name="Week6Day2_WireMocker.MockinginTestng" time="1.917" errors="0" timestamp="2024-12-03T22:43:28 IST" skipped="0">
  <testcase classname="Week6Day2_WireMocker.MockinginTestng" name="GetCallandTestMock" time="1.917"/>
  <system-out/>
</testsuite> <!-- Week6Day2_WireMocker.MockinginTestng -->
