<?xml version="1.0" encoding="UTF-8"?>
<!-- Generated by org.testng.reporters.JUnitReportReporter -->
<testsuite hostname="LAPTOP-PUUNASBM" failures="0" tests="1" name="Week3Day2_Hooks.ServiceNowIncidentTablePutTest" time="3.478" errors="0" timestamp="2024-11-14T20:33:54 IST" skipped="0">
  <testcase classname="Week3Day2_Hooks.ServiceNowIncidentTablePutTest" name="shouldUserAbleToCreateNewIncidentRecord" time="3.478"/>
  <system-out/>
</testsuite> <!-- Week3Day2_Hooks.ServiceNowIncidentTablePutTest -->
