<?xml version="1.0" encoding="UTF-8"?>
<!-- Generated by org.testng.reporters.JUnitReportReporter -->
<testsuite hostname="LAPTOP-PUUNASBM" failures="0" tests="1" name="Week3Day2_Hooks.ServiceNowIncidentTablePostTest" time="3.583" errors="0" timestamp="2024-11-14T20:26:46 IST" skipped="0">
  <testcase classname="Week3Day2_Hooks.ServiceNowIncidentTablePostTest" name="shouldUserAbleToCreateNewIncidentRecord" time="3.583"/>
  <system-out/>
</testsuite> <!-- Week3Day2_Hooks.ServiceNowIncidentTablePostTest -->
