<?xml version="1.0" encoding="UTF-8"?>
<!-- Generated by org.testng.reporters.JUnitReportReporter -->
<testsuite hostname="LAPTOP-PUUNASBM" failures="0" tests="1" name="Week4Day1_Cucumber.CreateIncidentTestNGRunnner" time="0.110" errors="0" timestamp="2025-01-20T23:12:55 IST" skipped="0">
  <testcase classname="Week4Day1_Cucumber.CreateIncidentTestNGRunnner" name="runScenario" time="0.110"/>
  <system-out/>
</testsuite> <!-- Week4Day1_Cucumber.CreateIncidentTestNGRunnner -->
